running build
running config_cc
unifing config_cc, config, build_clib, build_ext, build commands --compiler options
running config_fc
unifing config_fc, config, build_clib, build_ext, build commands --fcompiler options
running build_src
build_src
building extension "barotropic" sources
f2py options: []
f2py:> /var/folders/rv/qbnb47795rv64qzp7d7nxs5m0000gn/T/tmpz0qh5up2/src.macosx-10.9-x86_64-3.8/barotropicmodule.c
creating /var/folders/rv/qbnb47795rv64qzp7d7nxs5m0000gn/T/tmpz0qh5up2/src.macosx-10.9-x86_64-3.8
Reading fortran codes...
	Reading file 'barotropic.f90' (format:free)
Post-processing...
	Block: barotropic
			Block: velocity
				Block: ubar
				Block: vbar
Post-processing (stage 2)...
	Block: barotropic
		Block: unknown_interface
			Block: velocity
				Block: ubar
				Block: vbar
Building modules...
	Building module "barotropic"...
		Constructing F90 module support for "velocity"...
			Constructing wrapper function "velocity.ubar"...
			  outdat = ubar(dat,outdat,z_w,z_wu,[nroms,ii,jj,xi_rho,eta_rho,overwrite_dat,overwrite_outdat,overwrite_z_w,overwrite_z_wu])
			Constructing wrapper function "velocity.vbar"...
			  outdat = vbar(dat,outdat,z_w,z_wv,[nroms,ii,jj,xi_rho,eta_rho,overwrite_dat,overwrite_outdat,overwrite_z_w,overwrite_z_wv])
	Wrote C/API module "barotropic" to file "/var/folders/rv/qbnb47795rv64qzp7d7nxs5m0000gn/T/tmpz0qh5up2/src.macosx-10.9-x86_64-3.8/barotropicmodule.c"
	Fortran 90 wrappers are saved to "/var/folders/rv/qbnb47795rv64qzp7d7nxs5m0000gn/T/tmpz0qh5up2/src.macosx-10.9-x86_64-3.8/barotropic-f2pywrappers2.f90"
  adding '/var/folders/rv/qbnb47795rv64qzp7d7nxs5m0000gn/T/tmpz0qh5up2/src.macosx-10.9-x86_64-3.8/fortranobject.c' to sources.
  adding '/var/folders/rv/qbnb47795rv64qzp7d7nxs5m0000gn/T/tmpz0qh5up2/src.macosx-10.9-x86_64-3.8' to include_dirs.
copying /opt/anaconda3/envs/xesmf2/lib/python3.8/site-packages/numpy/f2py/src/fortranobject.c -> /var/folders/rv/qbnb47795rv64qzp7d7nxs5m0000gn/T/tmpz0qh5up2/src.macosx-10.9-x86_64-3.8
copying /opt/anaconda3/envs/xesmf2/lib/python3.8/site-packages/numpy/f2py/src/fortranobject.h -> /var/folders/rv/qbnb47795rv64qzp7d7nxs5m0000gn/T/tmpz0qh5up2/src.macosx-10.9-x86_64-3.8
  adding '/var/folders/rv/qbnb47795rv64qzp7d7nxs5m0000gn/T/tmpz0qh5up2/src.macosx-10.9-x86_64-3.8/barotropic-f2pywrappers2.f90' to sources.
build_src: building npy-pkg config files
running build_ext
customize UnixCCompiler
customize UnixCCompiler using build_ext
get_default_fcompiler: matching types: '['gnu95', 'nag', 'absoft', 'ibm', 'intel', 'gnu', 'g95', 'pg']'
customize Gnu95FCompiler
Found executable /usr/local/bin/gfortran
customize Gnu95FCompiler
customize Gnu95FCompiler using build_ext
building 'barotropic' extension
compiling C sources
C compiler: gcc -Wno-unused-result -Wsign-compare -Wunreachable-code -DNDEBUG -g -fwrapv -O3 -Wall -Wstrict-prototypes -I/opt/anaconda3/envs/xesmf2/include -arch x86_64 -I/opt/anaconda3/envs/xesmf2/include -arch x86_64

creating /var/folders/rv/qbnb47795rv64qzp7d7nxs5m0000gn/T/tmpz0qh5up2/var
creating /var/folders/rv/qbnb47795rv64qzp7d7nxs5m0000gn/T/tmpz0qh5up2/var/folders
creating /var/folders/rv/qbnb47795rv64qzp7d7nxs5m0000gn/T/tmpz0qh5up2/var/folders/rv
creating /var/folders/rv/qbnb47795rv64qzp7d7nxs5m0000gn/T/tmpz0qh5up2/var/folders/rv/qbnb47795rv64qzp7d7nxs5m0000gn
creating /var/folders/rv/qbnb47795rv64qzp7d7nxs5m0000gn/T/tmpz0qh5up2/var/folders/rv/qbnb47795rv64qzp7d7nxs5m0000gn/T
creating /var/folders/rv/qbnb47795rv64qzp7d7nxs5m0000gn/T/tmpz0qh5up2/var/folders/rv/qbnb47795rv64qzp7d7nxs5m0000gn/T/tmpz0qh5up2
creating /var/folders/rv/qbnb47795rv64qzp7d7nxs5m0000gn/T/tmpz0qh5up2/var/folders/rv/qbnb47795rv64qzp7d7nxs5m0000gn/T/tmpz0qh5up2/src.macosx-10.9-x86_64-3.8
compile options: '-DNPY_DISABLE_OPTIMIZATION=1 -I/var/folders/rv/qbnb47795rv64qzp7d7nxs5m0000gn/T/tmpz0qh5up2/src.macosx-10.9-x86_64-3.8 -I/opt/anaconda3/envs/xesmf2/lib/python3.8/site-packages/numpy/core/include -I/opt/anaconda3/envs/xesmf2/include/python3.8 -c'
gcc: /var/folders/rv/qbnb47795rv64qzp7d7nxs5m0000gn/T/tmpz0qh5up2/src.macosx-10.9-x86_64-3.8/barotropicmodule.c
gcc: /var/folders/rv/qbnb47795rv64qzp7d7nxs5m0000gn/T/tmpz0qh5up2/src.macosx-10.9-x86_64-3.8/fortranobject.c
compiling Fortran 90 module sources
Fortran f77 compiler: /usr/local/bin/gfortran -Wall -g -ffixed-form -fno-second-underscore -arch x86_64 -fPIC -O3 -funroll-loops
Fortran f90 compiler: /usr/local/bin/gfortran -Wall -g -fno-second-underscore -arch x86_64 -fPIC -O3 -funroll-loops
Fortran fix compiler: /usr/local/bin/gfortran -Wall -g -ffixed-form -fno-second-underscore -Wall -g -fno-second-underscore -arch x86_64 -fPIC -O3 -funroll-loops
compile options: '-I/var/folders/rv/qbnb47795rv64qzp7d7nxs5m0000gn/T/tmpz0qh5up2/src.macosx-10.9-x86_64-3.8 -I/opt/anaconda3/envs/xesmf2/lib/python3.8/site-packages/numpy/core/include -I/opt/anaconda3/envs/xesmf2/include/python3.8 -c'
extra options: '-J/var/folders/rv/qbnb47795rv64qzp7d7nxs5m0000gn/T/tmpz0qh5up2/ -I/var/folders/rv/qbnb47795rv64qzp7d7nxs5m0000gn/T/tmpz0qh5up2/'
gfortran:f90: barotropic.f90
compiling Fortran sources
Fortran f77 compiler: /usr/local/bin/gfortran -Wall -g -ffixed-form -fno-second-underscore -arch x86_64 -fPIC -O3 -funroll-loops
Fortran f90 compiler: /usr/local/bin/gfortran -Wall -g -fno-second-underscore -arch x86_64 -fPIC -O3 -funroll-loops
Fortran fix compiler: /usr/local/bin/gfortran -Wall -g -ffixed-form -fno-second-underscore -Wall -g -fno-second-underscore -arch x86_64 -fPIC -O3 -funroll-loops
compile options: '-I/var/folders/rv/qbnb47795rv64qzp7d7nxs5m0000gn/T/tmpz0qh5up2/src.macosx-10.9-x86_64-3.8 -I/opt/anaconda3/envs/xesmf2/lib/python3.8/site-packages/numpy/core/include -I/opt/anaconda3/envs/xesmf2/include/python3.8 -c'
extra options: '-J/var/folders/rv/qbnb47795rv64qzp7d7nxs5m0000gn/T/tmpz0qh5up2/ -I/var/folders/rv/qbnb47795rv64qzp7d7nxs5m0000gn/T/tmpz0qh5up2/'
gfortran:f90: /var/folders/rv/qbnb47795rv64qzp7d7nxs5m0000gn/T/tmpz0qh5up2/src.macosx-10.9-x86_64-3.8/barotropic-f2pywrappers2.f90
/usr/local/bin/gfortran -Wall -g -arch x86_64 -Wall -g -undefined dynamic_lookup -bundle /var/folders/rv/qbnb47795rv64qzp7d7nxs5m0000gn/T/tmpz0qh5up2/var/folders/rv/qbnb47795rv64qzp7d7nxs5m0000gn/T/tmpz0qh5up2/src.macosx-10.9-x86_64-3.8/barotropicmodule.o /var/folders/rv/qbnb47795rv64qzp7d7nxs5m0000gn/T/tmpz0qh5up2/var/folders/rv/qbnb47795rv64qzp7d7nxs5m0000gn/T/tmpz0qh5up2/src.macosx-10.9-x86_64-3.8/fortranobject.o /var/folders/rv/qbnb47795rv64qzp7d7nxs5m0000gn/T/tmpz0qh5up2/barotropic.o /var/folders/rv/qbnb47795rv64qzp7d7nxs5m0000gn/T/tmpz0qh5up2/var/folders/rv/qbnb47795rv64qzp7d7nxs5m0000gn/T/tmpz0qh5up2/src.macosx-10.9-x86_64-3.8/barotropic-f2pywrappers2.o -L/usr/local/Cellar/gcc/10.2.0_4/lib/gcc/10/gcc/x86_64-apple-darwin20/10.2.0 -L/usr/local/Cellar/gcc/10.2.0_4/lib/gcc/10/gcc/x86_64-apple-darwin20/10.2.0/../../.. -L/usr/local/Cellar/gcc/10.2.0_4/lib/gcc/10/gcc/x86_64-apple-darwin20/10.2.0/../../.. -lgfortran -o ./barotropic.cpython-38-darwin.so
running build
running config_cc
unifing config_cc, config, build_clib, build_ext, build commands --compiler options
running config_fc
unifing config_fc, config, build_clib, build_ext, build commands --fcompiler options
running build_src
build_src
building extension "interpolation" sources
f2py options: []
f2py:> /var/folders/rv/qbnb47795rv64qzp7d7nxs5m0000gn/T/tmpv8fewwa9/src.macosx-10.9-x86_64-3.8/interpolationmodule.c
creating /var/folders/rv/qbnb47795rv64qzp7d7nxs5m0000gn/T/tmpv8fewwa9/src.macosx-10.9-x86_64-3.8
Reading fortran codes...
	Reading file 'interpolation.f90' (format:free)
Post-processing...
	Block: interpolation
			Block: interpolation
				Block: dovertinter
				Block: rho2u
				Block: rho2v
				Block: rotate
Post-processing (stage 2)...
	Block: interpolation
		Block: unknown_interface
			Block: interpolation
				Block: dovertinter
				Block: rho2u
				Block: rho2v
				Block: rotate
Building modules...
	Building module "interpolation"...
		Constructing F90 module support for "interpolation"...
			Constructing wrapper function "interpolation.dovertinter"...
			  outdat = dovertinter(outdat,dat,bathymetry,zr,zs,[nroms,nsoda,ii,jj,xi_rho,eta_rho,overwrite_outdat,overwrite_dat,overwrite_bathymetry,overwrite_zr,overwrite_zs])
			Constructing wrapper function "interpolation.rho2u"...
			  udata = rho2u(udata,rhodata,[ii,jj,kk,overwrite_udata,overwrite_rhodata])
			Constructing wrapper function "interpolation.rho2v"...
			  vdata = rho2v(vdata,rhodata,[ii,jj,kk,overwrite_vdata,overwrite_rhodata])
			Constructing wrapper function "interpolation.rotate"...
			  urot,vrot = rotate(urot,vrot,u_rho,v_rho,angle,[ii,jj,kk,overwrite_urot,overwrite_vrot,overwrite_u_rho,overwrite_v_rho,overwrite_angle])
	Wrote C/API module "interpolation" to file "/var/folders/rv/qbnb47795rv64qzp7d7nxs5m0000gn/T/tmpv8fewwa9/src.macosx-10.9-x86_64-3.8/interpolationmodule.c"
	Fortran 90 wrappers are saved to "/var/folders/rv/qbnb47795rv64qzp7d7nxs5m0000gn/T/tmpv8fewwa9/src.macosx-10.9-x86_64-3.8/interpolation-f2pywrappers2.f90"
  adding '/var/folders/rv/qbnb47795rv64qzp7d7nxs5m0000gn/T/tmpv8fewwa9/src.macosx-10.9-x86_64-3.8/fortranobject.c' to sources.
  adding '/var/folders/rv/qbnb47795rv64qzp7d7nxs5m0000gn/T/tmpv8fewwa9/src.macosx-10.9-x86_64-3.8' to include_dirs.
copying /opt/anaconda3/envs/xesmf2/lib/python3.8/site-packages/numpy/f2py/src/fortranobject.c -> /var/folders/rv/qbnb47795rv64qzp7d7nxs5m0000gn/T/tmpv8fewwa9/src.macosx-10.9-x86_64-3.8
copying /opt/anaconda3/envs/xesmf2/lib/python3.8/site-packages/numpy/f2py/src/fortranobject.h -> /var/folders/rv/qbnb47795rv64qzp7d7nxs5m0000gn/T/tmpv8fewwa9/src.macosx-10.9-x86_64-3.8
  adding '/var/folders/rv/qbnb47795rv64qzp7d7nxs5m0000gn/T/tmpv8fewwa9/src.macosx-10.9-x86_64-3.8/interpolation-f2pywrappers2.f90' to sources.
build_src: building npy-pkg config files
running build_ext
customize UnixCCompiler
customize UnixCCompiler using build_ext
get_default_fcompiler: matching types: '['gnu95', 'nag', 'absoft', 'ibm', 'intel', 'gnu', 'g95', 'pg']'
customize Gnu95FCompiler
Found executable /usr/local/bin/gfortran
customize Gnu95FCompiler
customize Gnu95FCompiler using build_ext
building 'interpolation' extension
compiling C sources
C compiler: gcc -Wno-unused-result -Wsign-compare -Wunreachable-code -DNDEBUG -g -fwrapv -O3 -Wall -Wstrict-prototypes -I/opt/anaconda3/envs/xesmf2/include -arch x86_64 -I/opt/anaconda3/envs/xesmf2/include -arch x86_64

creating /var/folders/rv/qbnb47795rv64qzp7d7nxs5m0000gn/T/tmpv8fewwa9/var
creating /var/folders/rv/qbnb47795rv64qzp7d7nxs5m0000gn/T/tmpv8fewwa9/var/folders
creating /var/folders/rv/qbnb47795rv64qzp7d7nxs5m0000gn/T/tmpv8fewwa9/var/folders/rv
creating /var/folders/rv/qbnb47795rv64qzp7d7nxs5m0000gn/T/tmpv8fewwa9/var/folders/rv/qbnb47795rv64qzp7d7nxs5m0000gn
creating /var/folders/rv/qbnb47795rv64qzp7d7nxs5m0000gn/T/tmpv8fewwa9/var/folders/rv/qbnb47795rv64qzp7d7nxs5m0000gn/T
creating /var/folders/rv/qbnb47795rv64qzp7d7nxs5m0000gn/T/tmpv8fewwa9/var/folders/rv/qbnb47795rv64qzp7d7nxs5m0000gn/T/tmpv8fewwa9
creating /var/folders/rv/qbnb47795rv64qzp7d7nxs5m0000gn/T/tmpv8fewwa9/var/folders/rv/qbnb47795rv64qzp7d7nxs5m0000gn/T/tmpv8fewwa9/src.macosx-10.9-x86_64-3.8
compile options: '-DNPY_DISABLE_OPTIMIZATION=1 -I/var/folders/rv/qbnb47795rv64qzp7d7nxs5m0000gn/T/tmpv8fewwa9/src.macosx-10.9-x86_64-3.8 -I/opt/anaconda3/envs/xesmf2/lib/python3.8/site-packages/numpy/core/include -I/opt/anaconda3/envs/xesmf2/include/python3.8 -c'
gcc: /var/folders/rv/qbnb47795rv64qzp7d7nxs5m0000gn/T/tmpv8fewwa9/src.macosx-10.9-x86_64-3.8/interpolationmodule.c
gcc: /var/folders/rv/qbnb47795rv64qzp7d7nxs5m0000gn/T/tmpv8fewwa9/src.macosx-10.9-x86_64-3.8/fortranobject.c
compiling Fortran 90 module sources
Fortran f77 compiler: /usr/local/bin/gfortran -Wall -g -ffixed-form -fno-second-underscore -arch x86_64 -fPIC -O3 -funroll-loops
Fortran f90 compiler: /usr/local/bin/gfortran -Wall -g -fno-second-underscore -arch x86_64 -fPIC -O3 -funroll-loops
Fortran fix compiler: /usr/local/bin/gfortran -Wall -g -ffixed-form -fno-second-underscore -Wall -g -fno-second-underscore -arch x86_64 -fPIC -O3 -funroll-loops
compile options: '-I/var/folders/rv/qbnb47795rv64qzp7d7nxs5m0000gn/T/tmpv8fewwa9/src.macosx-10.9-x86_64-3.8 -I/opt/anaconda3/envs/xesmf2/lib/python3.8/site-packages/numpy/core/include -I/opt/anaconda3/envs/xesmf2/include/python3.8 -c'
extra options: '-J/var/folders/rv/qbnb47795rv64qzp7d7nxs5m0000gn/T/tmpv8fewwa9/ -I/var/folders/rv/qbnb47795rv64qzp7d7nxs5m0000gn/T/tmpv8fewwa9/'
gfortran:f90: interpolation.f90
compiling Fortran sources
Fortran f77 compiler: /usr/local/bin/gfortran -Wall -g -ffixed-form -fno-second-underscore -arch x86_64 -fPIC -O3 -funroll-loops
Fortran f90 compiler: /usr/local/bin/gfortran -Wall -g -fno-second-underscore -arch x86_64 -fPIC -O3 -funroll-loops
Fortran fix compiler: /usr/local/bin/gfortran -Wall -g -ffixed-form -fno-second-underscore -Wall -g -fno-second-underscore -arch x86_64 -fPIC -O3 -funroll-loops
compile options: '-I/var/folders/rv/qbnb47795rv64qzp7d7nxs5m0000gn/T/tmpv8fewwa9/src.macosx-10.9-x86_64-3.8 -I/opt/anaconda3/envs/xesmf2/lib/python3.8/site-packages/numpy/core/include -I/opt/anaconda3/envs/xesmf2/include/python3.8 -c'
extra options: '-J/var/folders/rv/qbnb47795rv64qzp7d7nxs5m0000gn/T/tmpv8fewwa9/ -I/var/folders/rv/qbnb47795rv64qzp7d7nxs5m0000gn/T/tmpv8fewwa9/'
gfortran:f90: /var/folders/rv/qbnb47795rv64qzp7d7nxs5m0000gn/T/tmpv8fewwa9/src.macosx-10.9-x86_64-3.8/interpolation-f2pywrappers2.f90
/usr/local/bin/gfortran -Wall -g -arch x86_64 -Wall -g -undefined dynamic_lookup -bundle /var/folders/rv/qbnb47795rv64qzp7d7nxs5m0000gn/T/tmpv8fewwa9/var/folders/rv/qbnb47795rv64qzp7d7nxs5m0000gn/T/tmpv8fewwa9/src.macosx-10.9-x86_64-3.8/interpolationmodule.o /var/folders/rv/qbnb47795rv64qzp7d7nxs5m0000gn/T/tmpv8fewwa9/var/folders/rv/qbnb47795rv64qzp7d7nxs5m0000gn/T/tmpv8fewwa9/src.macosx-10.9-x86_64-3.8/fortranobject.o /var/folders/rv/qbnb47795rv64qzp7d7nxs5m0000gn/T/tmpv8fewwa9/interpolation.o /var/folders/rv/qbnb47795rv64qzp7d7nxs5m0000gn/T/tmpv8fewwa9/var/folders/rv/qbnb47795rv64qzp7d7nxs5m0000gn/T/tmpv8fewwa9/src.macosx-10.9-x86_64-3.8/interpolation-f2pywrappers2.o -L/usr/local/Cellar/gcc/10.2.0_4/lib/gcc/10/gcc/x86_64-apple-darwin20/10.2.0 -L/usr/local/Cellar/gcc/10.2.0_4/lib/gcc/10/gcc/x86_64-apple-darwin20/10.2.0/../../.. -L/usr/local/Cellar/gcc/10.2.0_4/lib/gcc/10/gcc/x86_64-apple-darwin20/10.2.0/../../.. -lgfortran -o ./interpolation.cpython-38-darwin.so
running build
running config_cc
unifing config_cc, config, build_clib, build_ext, build commands --compiler options
running config_fc
unifing config_fc, config, build_clib, build_ext, build commands --fcompiler options
running build_src
build_src
building extension "extrapolate" sources
f2py options: []
f2py:> /var/folders/rv/qbnb47795rv64qzp7d7nxs5m0000gn/T/tmpvcl93wz4/src.macosx-10.9-x86_64-3.8/extrapolatemodule.c
creating /var/folders/rv/qbnb47795rv64qzp7d7nxs5m0000gn/T/tmpvcl93wz4/src.macosx-10.9-x86_64-3.8
Reading fortran codes...
	Reading file 'fill.f90' (format:free)
Post-processing...
	Block: extrapolate
			Block: extrapolate
				Block: fill
Post-processing (stage 2)...
	Block: extrapolate
		Block: unknown_interface
			Block: extrapolate
				Block: fill
Building modules...
	Building module "extrapolate"...
		Constructing F90 module support for "extrapolate"...
			Constructing wrapper function "extrapolate.fill"...
			  za = fill(i1,i2,j1,j2,tx,critx,cor,mxs,za,[nx,ny,overwrite_za])
	Wrote C/API module "extrapolate" to file "/var/folders/rv/qbnb47795rv64qzp7d7nxs5m0000gn/T/tmpvcl93wz4/src.macosx-10.9-x86_64-3.8/extrapolatemodule.c"
	Fortran 90 wrappers are saved to "/var/folders/rv/qbnb47795rv64qzp7d7nxs5m0000gn/T/tmpvcl93wz4/src.macosx-10.9-x86_64-3.8/extrapolate-f2pywrappers2.f90"
  adding '/var/folders/rv/qbnb47795rv64qzp7d7nxs5m0000gn/T/tmpvcl93wz4/src.macosx-10.9-x86_64-3.8/fortranobject.c' to sources.
  adding '/var/folders/rv/qbnb47795rv64qzp7d7nxs5m0000gn/T/tmpvcl93wz4/src.macosx-10.9-x86_64-3.8' to include_dirs.
copying /opt/anaconda3/envs/xesmf2/lib/python3.8/site-packages/numpy/f2py/src/fortranobject.c -> /var/folders/rv/qbnb47795rv64qzp7d7nxs5m0000gn/T/tmpvcl93wz4/src.macosx-10.9-x86_64-3.8
copying /opt/anaconda3/envs/xesmf2/lib/python3.8/site-packages/numpy/f2py/src/fortranobject.h -> /var/folders/rv/qbnb47795rv64qzp7d7nxs5m0000gn/T/tmpvcl93wz4/src.macosx-10.9-x86_64-3.8
  adding '/var/folders/rv/qbnb47795rv64qzp7d7nxs5m0000gn/T/tmpvcl93wz4/src.macosx-10.9-x86_64-3.8/extrapolate-f2pywrappers2.f90' to sources.
build_src: building npy-pkg config files
running build_ext
customize UnixCCompiler
customize UnixCCompiler using build_ext
get_default_fcompiler: matching types: '['gnu95', 'nag', 'absoft', 'ibm', 'intel', 'gnu', 'g95', 'pg']'
customize Gnu95FCompiler
Found executable /usr/local/bin/gfortran
customize Gnu95FCompiler
customize Gnu95FCompiler using build_ext
building 'extrapolate' extension
compiling C sources
C compiler: gcc -Wno-unused-result -Wsign-compare -Wunreachable-code -DNDEBUG -g -fwrapv -O3 -Wall -Wstrict-prototypes -I/opt/anaconda3/envs/xesmf2/include -arch x86_64 -I/opt/anaconda3/envs/xesmf2/include -arch x86_64

creating /var/folders/rv/qbnb47795rv64qzp7d7nxs5m0000gn/T/tmpvcl93wz4/var
creating /var/folders/rv/qbnb47795rv64qzp7d7nxs5m0000gn/T/tmpvcl93wz4/var/folders
creating /var/folders/rv/qbnb47795rv64qzp7d7nxs5m0000gn/T/tmpvcl93wz4/var/folders/rv
creating /var/folders/rv/qbnb47795rv64qzp7d7nxs5m0000gn/T/tmpvcl93wz4/var/folders/rv/qbnb47795rv64qzp7d7nxs5m0000gn
creating /var/folders/rv/qbnb47795rv64qzp7d7nxs5m0000gn/T/tmpvcl93wz4/var/folders/rv/qbnb47795rv64qzp7d7nxs5m0000gn/T
creating /var/folders/rv/qbnb47795rv64qzp7d7nxs5m0000gn/T/tmpvcl93wz4/var/folders/rv/qbnb47795rv64qzp7d7nxs5m0000gn/T/tmpvcl93wz4
creating /var/folders/rv/qbnb47795rv64qzp7d7nxs5m0000gn/T/tmpvcl93wz4/var/folders/rv/qbnb47795rv64qzp7d7nxs5m0000gn/T/tmpvcl93wz4/src.macosx-10.9-x86_64-3.8
compile options: '-DNPY_DISABLE_OPTIMIZATION=1 -I/var/folders/rv/qbnb47795rv64qzp7d7nxs5m0000gn/T/tmpvcl93wz4/src.macosx-10.9-x86_64-3.8 -I/opt/anaconda3/envs/xesmf2/lib/python3.8/site-packages/numpy/core/include -I/opt/anaconda3/envs/xesmf2/include/python3.8 -c'
gcc: /var/folders/rv/qbnb47795rv64qzp7d7nxs5m0000gn/T/tmpvcl93wz4/src.macosx-10.9-x86_64-3.8/extrapolatemodule.c
gcc: /var/folders/rv/qbnb47795rv64qzp7d7nxs5m0000gn/T/tmpvcl93wz4/src.macosx-10.9-x86_64-3.8/fortranobject.c
compiling Fortran 90 module sources
Fortran f77 compiler: /usr/local/bin/gfortran -Wall -g -ffixed-form -fno-second-underscore -arch x86_64 -fPIC -O3 -funroll-loops
Fortran f90 compiler: /usr/local/bin/gfortran -Wall -g -fno-second-underscore -arch x86_64 -fPIC -O3 -funroll-loops
Fortran fix compiler: /usr/local/bin/gfortran -Wall -g -ffixed-form -fno-second-underscore -Wall -g -fno-second-underscore -arch x86_64 -fPIC -O3 -funroll-loops
compile options: '-I/var/folders/rv/qbnb47795rv64qzp7d7nxs5m0000gn/T/tmpvcl93wz4/src.macosx-10.9-x86_64-3.8 -I/opt/anaconda3/envs/xesmf2/lib/python3.8/site-packages/numpy/core/include -I/opt/anaconda3/envs/xesmf2/include/python3.8 -c'
extra options: '-J/var/folders/rv/qbnb47795rv64qzp7d7nxs5m0000gn/T/tmpvcl93wz4/ -I/var/folders/rv/qbnb47795rv64qzp7d7nxs5m0000gn/T/tmpvcl93wz4/'
gfortran:f90: fill.f90
compiling Fortran sources
Fortran f77 compiler: /usr/local/bin/gfortran -Wall -g -ffixed-form -fno-second-underscore -arch x86_64 -fPIC -O3 -funroll-loops
Fortran f90 compiler: /usr/local/bin/gfortran -Wall -g -fno-second-underscore -arch x86_64 -fPIC -O3 -funroll-loops
Fortran fix compiler: /usr/local/bin/gfortran -Wall -g -ffixed-form -fno-second-underscore -Wall -g -fno-second-underscore -arch x86_64 -fPIC -O3 -funroll-loops
compile options: '-I/var/folders/rv/qbnb47795rv64qzp7d7nxs5m0000gn/T/tmpvcl93wz4/src.macosx-10.9-x86_64-3.8 -I/opt/anaconda3/envs/xesmf2/lib/python3.8/site-packages/numpy/core/include -I/opt/anaconda3/envs/xesmf2/include/python3.8 -c'
extra options: '-J/var/folders/rv/qbnb47795rv64qzp7d7nxs5m0000gn/T/tmpvcl93wz4/ -I/var/folders/rv/qbnb47795rv64qzp7d7nxs5m0000gn/T/tmpvcl93wz4/'
gfortran:f90: /var/folders/rv/qbnb47795rv64qzp7d7nxs5m0000gn/T/tmpvcl93wz4/src.macosx-10.9-x86_64-3.8/extrapolate-f2pywrappers2.f90
/usr/local/bin/gfortran -Wall -g -arch x86_64 -Wall -g -undefined dynamic_lookup -bundle /var/folders/rv/qbnb47795rv64qzp7d7nxs5m0000gn/T/tmpvcl93wz4/var/folders/rv/qbnb47795rv64qzp7d7nxs5m0000gn/T/tmpvcl93wz4/src.macosx-10.9-x86_64-3.8/extrapolatemodule.o /var/folders/rv/qbnb47795rv64qzp7d7nxs5m0000gn/T/tmpvcl93wz4/var/folders/rv/qbnb47795rv64qzp7d7nxs5m0000gn/T/tmpvcl93wz4/src.macosx-10.9-x86_64-3.8/fortranobject.o /var/folders/rv/qbnb47795rv64qzp7d7nxs5m0000gn/T/tmpvcl93wz4/fill.o /var/folders/rv/qbnb47795rv64qzp7d7nxs5m0000gn/T/tmpvcl93wz4/var/folders/rv/qbnb47795rv64qzp7d7nxs5m0000gn/T/tmpvcl93wz4/src.macosx-10.9-x86_64-3.8/extrapolate-f2pywrappers2.o -L/usr/local/Cellar/gcc/10.2.0_4/lib/gcc/10/gcc/x86_64-apple-darwin20/10.2.0 -L/usr/local/Cellar/gcc/10.2.0_4/lib/gcc/10/gcc/x86_64-apple-darwin20/10.2.0/../../.. -L/usr/local/Cellar/gcc/10.2.0_4/lib/gcc/10/gcc/x86_64-apple-darwin20/10.2.0/../../.. -lgfortran -o ./extrapolate.cpython-38-darwin.so
